    1           0 
    2           0 
    3          19 
    4          68 
    5          56 
    6          84 
    7          75 
    8          56 
    9          69 
   10          50 
   11          58 
   12          60 
   13          48 
   14          53 
   15          37 
   16          28 
   17          41 
   18          30 
   19          32 
   20          32 
   21          37 
   22          25 
   23          27 
   24          25 
   25          33 
   26          22 
   27          35 
   28          20 
   29          28 
   30          30 
   31          31 
   32          22 
   33          24 
   34          26 
   35          21 
   36          20 
   37          20 
   38          24 
   39          29 
   40          28 
   41          33 
   42          10 
   43          20 
   44          17 
   45          16 
   46          19 
   47          20 
   48          24 
   49          24 
   50          15 
   51          14 
   52          20 
   53          22 
   54          12 
   55          18 
   56          21 
   57          10 
   58          19 
   59          20 
   60          17 
   61          21 
   62          19 
   63          24 
   64          17 
   65          19 
   66          16 
   67          14 
   68          11 
   69          14 
   70          13 
   71          16 
   72          14 
   73           8 
   74          12 
   75          11 
   76          10 
   77          10 
   78          13 
   79          10 
   80          14 
   81          13 
   82          14 
   83          18 
   84           6 
   85          13 
   86          13 
   87          12 
   88          11 
   89          13 
   90          11 
   91          11 
   92           8 
   93           9 
   94          13 
   95           7 
   96          15 
   97           8 
   98           7 
   99           9 
  100           5 
  101          10 
  102          12 
  103           6 
  104           9 
  105           7 
  106          10 
  107           8 
  108          13 
  109           7 
  110           4 
  111           7 
  112          12 
  113           9 
  114           8 
  115           9 
  116           6 
  117           6 
  118          11 
  119          11 
  120           4 
  121           8 
  122           8 
  123           4 
  124           5 
  125           7 
  126           4 
  127          10 
  128           7 
  129           8 
  130           5 
  131           5 
  132           7 
  133           4 
  134           8 
  135           4 
  136           7 
  137           9 
  138           6 
  139           4 
  140           4 
  141           8 
  142           4 
  143           3 
  144           8 
  145           3 
  146           8 
  147           7 
  148           5 
  149           7 
  150           3 
  151           6 
  152           7 
  153           7 
  154           7 
  155           8 
  156           6 
  157           5 
  158           5 
  159           5 
  160           4 
  161           7 
  162           5 
  163           4 
  164           3 
  165           7 
  166           6 
  167           7 
  168           7 
  169           5 
  170           6 
  171           4 
  172           3 
  173           8 
  174           4 
  175           5 
  176           3 
  177           5 
  178           3 
  179           4 
  180           6 
  181           6 
  182           2 
  183           7 
  184           9 
  185           4 
  186           7 
  187           3 
  188           3 
  189           4 
  190           4 
  191           6 
  192           7 
  193           5 
  194           6 
  195           5 
  196           3 
  197           5 
  198           8 
  199           7 
  200           3 
  201           7 
  202           4 
  203           1 
  204           9 
  205           6 
  206           3 
  207           3 
  208           0 
  209           3 
  210           3 
  211           6 
  212           4 
  213           3 
  214           4 
  215           1 
  216           1 
  217           3 
  218           2 
  219           6 
  220           4 
  221           4 
  222           3 
  223           3 
  224           6 
  225           4 
  226           5 
  227           8 
  228           5 
  229           7 
  230           5 
  231           4 
  232           5 
  233           6 
  234           1 
  235           3 
  236           0 
  237           4 
  238           4 
  239           4 
  240           3 
  241           2 
  242           7 
  243           0 
  244           2 
  245           5 
  246           7 
  247           1 
  248           3 
  249           3 
  250           6 
  251           2 
  252           7 
  253           5 
  254           2 
  255           4 
  256           2 
  257           1 
  258           3 
  259           5 
  260           2 
  261           3 
  262           2 
  263           4 
  264           4 
  265           4 
  266           1 
  267           2 
  268           2 
  269           4 
  270           3 
  271           5 
  272           1 
  273           4 
  274           3 
  275           5 
  276           5 
  277           4 
  278           8 
  279           7 
  280           5 
  281           1 
  282           4 
  283           3 
  284           6 
  285           4 
  286           2 
  287           3 
  288           2 
  289           4 
  290           3 
  291           5 
  292           5 
  293           0 
  294           3 
  295           4 
  296           3 
  297           4 
  298           0 
  299           1 
  300           5 
  301           0 
  302           4 
  303           2 
  304           3 
  305           4 
  306           5 
  307           2 
  308           2 
  309           5 
  310           2 
  311           4 
  312           2 
  313           3 
  314           2 
  315           1 
  316           1 
  317           2 
  318           3 
  319           7 
  320           5 
  321           1 
  322           3 
  323           3 
  324           0 
  325           1 
  326           3 
  327           3 
  328           4 
  329           2 
  330           2 
  331           2 
  332           2 
  333           1 
  334           2 
  335           4 
  336           3 
  337           4 
  338           4 
  339           5 
  340           2 
  341           2 
  342           0 
  343           4 
  344           1 
  345           2 
  346           1 
  347           3 
  348           3 
  349           5 
  350           2 
  351           4 
  352           5 
  353           4 
  354           3 
  355           0 
  356           2 
  357           0 
  358           4 
  359           3 
  360           1 
  361           5 
  362           1 
  363           8 
  364           0 
  365           3 
  366           3 
  367           2 
  368           6 
  369           1 
  370           3 
  371           2 
  372           2 
  373           2 
  374           5 
  375           4 
  376           3 
  377           3 
  378           6 
  379           5 
  380           2 
  381           1 
  382           4 
  383           0 
  384           2 
  385           0 
  386           3 
  387           2 
  388           6 
  389           4 
  390           4 
  391           1 
  392           2 
  393           0 
  394           2 
  395           2 
  396           5 
  397           1 
  398           2 
  399           0 
  400           4 
  401           3 
  402           8 
  403           3 
  404           1 
  405           2 
  406           1 
  407           2 
  408           1 
  409           1 
  410           2 
  411           4 
  412           6 
  413           6 
  414           1 
  415           3 
  416           2 
  417           1 
  418           3 
  419           3 
  420           1 
  421           2 
  422           5 
  423           2 
  424           2 
  425           1 
  426           6 
  427           2 
  428           2 
  429           2 
  430           4 
  431           2 
  432           2 
  433           2 
  434           1 
  435           2 
  436           4 
  437           2 
  438           5 
  439           1 
  440           0 
  441           2 
  442           1 
  443           4 
  444           5 
  445           3 
  446           1 
  447           1 
  448           2 
  449           5 
  450           2 
  451           1 
  452           2 
  453           4 
  454           1 
  455           0 
  456           2 
  457           2 
  458           2 
  459           3 
  460           4 
  461           4 
  462           1 
  463           1 
  464           6 
  465           4 
  466           2 
  467           4 
  468           3 
  469           0 
  470           2 
  471           4 
  472           1 
  473           0 
  474           2 
  475           4 
  476           3 
  477           5 
  478           4 
  479           2 
  480           1 
  481           1 
  482           2 
  483           2 
  484           1 
  485           2 
  486           5 
  487           3 
  488           2 
  489           2 
  490           3 
  491           1 
  492           2 
  493           6 
  494           0 
  495           2 
  496           2 
  497           0 
  498           2 
  499           1 
  500           3 
  501           2 
  502           0 
  503           0 
  504           0 
  505           0 
  506           0 
  507           0 
  508           0 
  509           0 
  510           0 
  511           0 
  512           0 
