    1           9 
    2          26 
    3          43 
    4         462 
    5         551 
    6         566 
    7         611 
    8         591 
    9         518 
   10         489 
   11         421 
   12         440 
   13         437 
   14         454 
   15         441 
   16         481 
   17         428 
   18         415 
   19         372 
   20         393 
   21         372 
   22         406 
   23         370 
   24         402 
   25         371 
   26         365 
   27         351 
   28         362 
   29         352 
   30         353 
   31         366 
   32         313 
   33         351 
   34         324 
   35         313 
   36         361 
   37         322 
   38         333 
   39         342 
   40         323 
   41         312 
   42         303 
   43         321 
   44         319 
   45         304 
   46         301 
   47         310 
   48         262 
   49         304 
   50         326 
   51         322 
   52         269 
   53         268 
   54         249 
   55         269 
   56         262 
   57         213 
   58         264 
   59         228 
   60         230 
   61         245 
   62         235 
   63         253 
   64         210 
   65         204 
   66         225 
   67         236 
   68         194 
   69         186 
   70         197 
   71         180 
   72         189 
   73         197 
   74         175 
   75         195 
   76         198 
   77         201 
   78         182 
   79         168 
   80         171 
   81         189 
   82         179 
   83         213 
   84         160 
   85         179 
   86         140 
   87         184 
   88         156 
   89         162 
   90         150 
   91         159 
   92         144 
   93         147 
   94         144 
   95         151 
   96         156 
   97         118 
   98         192 
   99         142 
  100         135 
  101         128 
  102         134 
  103         149 
  104         125 
  105         143 
  106         133 
  107         141 
  108         145 
  109         108 
  110         139 
  111         111 
  112         100 
  113         133 
  114         124 
  115         112 
  116         120 
  117         109 
  118         127 
  119         116 
  120         119 
  121         113 
  122          98 
  123          96 
  124          98 
  125         116 
  126          99 
  127         105 
  128          99 
  129          76 
  130         103 
  131         101 
  132          96 
  133          85 
  134          95 
  135          79 
  136          90 
  137          82 
  138          67 
  139          73 
  140          93 
  141         104 
  142          82 
  143         106 
  144          75 
  145          79 
  146          74 
  147          68 
  148          74 
  149          50 
  150          72 
  151          77 
  152          63 
  153          76 
  154          87 
  155          62 
  156          65 
  157          60 
  158          70 
  159          78 
  160          53 
  161          62 
  162          65 
  163          78 
  164          66 
  165          67 
  166          62 
  167          61 
  168          61 
  169          67 
  170          62 
  171          63 
  172          57 
  173          64 
  174          57 
  175          53 
  176          59 
  177          65 
  178          54 
  179          54 
  180          65 
  181          44 
  182          50 
  183          62 
  184          52 
  185          55 
  186          58 
  187          52 
  188          52 
  189          45 
  190          43 
  191          36 
  192          51 
  193          58 
  194          60 
  195          45 
  196          34 
  197          42 
  198          45 
  199          45 
  200          41 
  201          43 
  202          44 
  203          40 
  204          32 
  205          36 
  206          33 
  207          44 
  208          26 
  209          24 
  210          35 
  211          34 
  212          33 
  213          31 
  214          34 
  215          25 
  216          24 
  217          25 
  218          35 
  219          35 
  220          30 
  221          37 
  222          42 
  223          33 
  224          40 
  225          27 
  226          39 
  227          58 
  228          28 
  229          24 
  230          28 
  231          32 
  232          27 
  233          28 
  234          38 
  235          31 
  236          31 
  237          45 
  238          25 
  239          30 
  240          30 
  241          29 
  242          31 
  243          45 
  244          31 
  245          26 
  246          22 
  247          22 
  248          29 
  249          24 
  250          23 
  251          28 
  252          27 
  253          28 
  254          26 
  255          29 
  256          25 
  257          29 
  258          24 
  259          31 
  260          20 
  261          21 
  262          21 
  263          28 
  264          28 
  265          27 
  266          26 
  267          24 
  268          28 
  269          32 
  270          17 
  271          21 
  272          20 
  273          26 
  274          25 
  275          19 
  276          21 
  277          22 
  278          20 
  279          13 
  280          19 
  281          26 
  282          28 
  283          21 
  284          18 
  285          24 
  286          18 
  287          22 
  288          25 
  289          25 
  290          18 
  291          13 
  292          24 
  293          23 
  294          19 
  295          19 
  296          22 
  297          16 
  298          20 
  299          19 
  300          17 
  301          22 
  302          16 
  303          21 
  304          16 
  305          24 
  306          12 
  307          20 
  308          20 
  309          24 
  310          24 
  311          13 
  312          21 
  313          20 
  314          16 
  315          20 
  316          15 
  317          19 
  318          13 
  319          16 
  320          12 
  321          13 
  322          12 
  323          11 
  324          17 
  325          14 
  326           7 
  327          15 
  328          13 
  329          22 
  330          13 
  331          13 
  332          10 
  333          23 
  334          16 
  335          19 
  336          13 
  337          11 
  338          11 
  339          15 
  340          13 
  341          16 
  342          19 
  343          22 
  344          19 
  345          12 
  346          16 
  347          11 
  348          15 
  349          11 
  350          20 
  351          14 
  352          16 
  353          13 
  354          15 
  355          18 
  356          17 
  357          11 
  358           9 
  359          21 
  360          17 
  361          13 
  362           8 
  363          18 
  364          11 
  365          13 
  366          13 
  367          14 
  368           8 
  369           8 
  370          10 
  371          13 
  372          16 
  373           8 
  374          16 
  375          11 
  376          12 
  377          12 
  378           8 
  379          14 
  380           5 
  381          14 
  382          17 
  383          15 
  384          13 
  385           9 
  386          12 
  387          15 
  388          19 
  389          13 
  390          14 
  391          15 
  392           4 
  393          16 
  394          17 
  395          14 
  396          11 
  397          15 
  398          13 
  399          15 
  400          12 
  401          19 
  402          20 
  403          12 
  404          17 
  405           9 
  406          11 
  407           9 
  408           8 
  409           9 
  410          12 
  411           9 
  412           6 
  413           4 
  414          11 
  415           8 
  416           9 
  417           9 
  418          11 
  419          11 
  420          11 
  421          10 
  422          11 
  423           9 
  424           8 
  425          16 
  426          10 
  427          13 
  428          13 
  429           5 
  430          11 
  431          12 
  432          12 
  433          11 
  434          13 
  435           7 
  436           8 
  437           9 
  438          11 
  439          13 
  440          13 
  441          13 
  442           7 
  443          11 
  444          13 
  445          12 
  446          10 
  447          12 
  448           9 
  449           8 
  450          16 
  451           9 
  452           5 
  453          14 
  454           9 
  455          13 
  456          13 
  457          16 
  458          17 
  459           9 
  460          10 
  461          11 
  462          14 
  463          11 
  464          15 
  465           8 
  466          14 
  467           7 
  468          14 
  469          10 
  470          12 
  471          12 
  472          11 
  473           7 
  474          10 
  475          18 
  476           6 
  477          12 
  478          15 
  479           6 
  480          13 
  481          10 
  482          12 
  483           6 
  484          11 
  485           8 
  486           9 
  487          10 
  488           6 
  489           6 
  490          15 
  491          15 
  492          17 
  493          10 
  494          16 
  495           8 
  496          11 
  497          10 
  498          15 
  499          10 
  500          13 
  501           2 
  502           0 
  503           0 
  504           0 
  505           0 
  506           0 
  507           0 
  508           0 
  509           0 
  510           0 
  511           0 
  512           0 
